0 info it worked if it ends with ok
1 verbose cli [ '/usr/local/bin/node', '/usr/local/bin/npm', 'run', 'dev' ]
2 info using npm@3.10.3
3 info using node@v6.5.0
4 verbose run-script [ 'predev', 'dev', 'postdev' ]
5 info lifecycle react-starter-2-app@0.1.0~predev: react-starter-2-app@0.1.0
6 verbose lifecycle react-starter-2-app@0.1.0~predev: unsafe-perm in lifecycle true
7 verbose lifecycle react-starter-2-app@0.1.0~predev: PATH: /usr/local/lib/node_modules/npm/bin/node-gyp-bin:/Users/mperkins/Dropbox/Work/Client Work/Red Hat/Learning Map App/learning-map/node_modules/.bin:/usr/local/bin:/Users/mperkins/.rbenv/shims:/usr/local/go/bin:/opt/local/bin:/opt/local/sbin:/opt/local/bin:/opt/local/sbin:/usr/local/bin:/usr/local/sbin:/Users/matt/bin/Sencha/Cmd/4.0.4.84:/usr/local/bin:/usr/bin:/bin:/usr/sbin:/sbin
8 verbose lifecycle react-starter-2-app@0.1.0~predev: CWD: /Users/mperkins/Dropbox/Work/Client Work/Red Hat/Learning Map App/learning-map
9 silly lifecycle react-starter-2-app@0.1.0~predev: Args: [ '-c', 'npm run clean-www' ]
10 silly lifecycle react-starter-2-app@0.1.0~predev: Returned: code: 0  signal: null
11 info lifecycle react-starter-2-app@0.1.0~dev: react-starter-2-app@0.1.0
12 verbose lifecycle react-starter-2-app@0.1.0~dev: unsafe-perm in lifecycle true
13 verbose lifecycle react-starter-2-app@0.1.0~dev: PATH: /usr/local/lib/node_modules/npm/bin/node-gyp-bin:/Users/mperkins/Dropbox/Work/Client Work/Red Hat/Learning Map App/learning-map/node_modules/.bin:/usr/local/bin:/Users/mperkins/.rbenv/shims:/usr/local/go/bin:/opt/local/bin:/opt/local/sbin:/opt/local/bin:/opt/local/sbin:/usr/local/bin:/usr/local/sbin:/Users/matt/bin/Sencha/Cmd/4.0.4.84:/usr/local/bin:/usr/bin:/bin:/usr/sbin:/sbin
14 verbose lifecycle react-starter-2-app@0.1.0~dev: CWD: /Users/mperkins/Dropbox/Work/Client Work/Red Hat/Learning Map App/learning-map
15 silly lifecycle react-starter-2-app@0.1.0~dev: Args: [ '-c',
15 silly lifecycle   'webpack-dev-server --inline --hot --env.dev --history-api-fallback --open --port 3000 --content-base front/www/' ]
16 silly lifecycle react-starter-2-app@0.1.0~dev: Returned: code: 1  signal: null
17 info lifecycle react-starter-2-app@0.1.0~dev: Failed to exec dev script
18 verbose stack Error: react-starter-2-app@0.1.0 dev: `webpack-dev-server --inline --hot --env.dev --history-api-fallback --open --port 3000 --content-base front/www/`
18 verbose stack Exit status 1
18 verbose stack     at EventEmitter.<anonymous> (/usr/local/lib/node_modules/npm/lib/utils/lifecycle.js:242:16)
18 verbose stack     at emitTwo (events.js:106:13)
18 verbose stack     at EventEmitter.emit (events.js:191:7)
18 verbose stack     at ChildProcess.<anonymous> (/usr/local/lib/node_modules/npm/lib/utils/spawn.js:40:14)
18 verbose stack     at emitTwo (events.js:106:13)
18 verbose stack     at ChildProcess.emit (events.js:191:7)
18 verbose stack     at maybeClose (internal/child_process.js:877:16)
18 verbose stack     at Process.ChildProcess._handle.onexit (internal/child_process.js:226:5)
19 verbose pkgid react-starter-2-app@0.1.0
20 verbose cwd /Users/mperkins/Dropbox/Work/Client Work/Red Hat/Learning Map App/learning-map/front/app
21 error Darwin 16.5.0
22 error argv "/usr/local/bin/node" "/usr/local/bin/npm" "run" "dev"
23 error node v6.5.0
24 error npm  v3.10.3
25 error code ELIFECYCLE
26 error react-starter-2-app@0.1.0 dev: `webpack-dev-server --inline --hot --env.dev --history-api-fallback --open --port 3000 --content-base front/www/`
26 error Exit status 1
27 error Failed at the react-starter-2-app@0.1.0 dev script 'webpack-dev-server --inline --hot --env.dev --history-api-fallback --open --port 3000 --content-base front/www/'.
27 error Make sure you have the latest version of node.js and npm installed.
27 error If you do, this is most likely a problem with the react-starter-2-app package,
27 error not with npm itself.
27 error Tell the author that this fails on your system:
27 error     webpack-dev-server --inline --hot --env.dev --history-api-fallback --open --port 3000 --content-base front/www/
27 error You can get information on how to open an issue for this project with:
27 error     npm bugs react-starter-2-app
27 error Or if that isn't available, you can get their info via:
27 error     npm owner ls react-starter-2-app
27 error There is likely additional logging output above.
28 verbose exit [ 1, true ]
